<?xml version="1.0" encoding="UTF-8"?>
<testng-results ignored="0" total="1" passed="1" failed="0" skipped="0">
  <reporter-output>
  </reporter-output>
  <suite started-at="2023-07-25T18:55:59 IST" name="Default suite" finished-at="2023-07-25T18:56:16 IST" duration-ms="17281">
    <groups>
    </groups>
    <test started-at="2023-07-25T18:55:59 IST" name="Default test" finished-at="2023-07-25T18:56:16 IST" duration-ms="17281">
      <class name="testClasses.AmazonTest">
        <test-method signature="amazonTest1()[pri:0, instance:testClasses.AmazonTest@4550bb58]" started-at="2023-07-25T18:55:59 IST" name="amazonTest1" finished-at="2023-07-25T18:56:16 IST" duration-ms="17211" status="PASS">
          <reporter-output>
          </reporter-output>
        </test-method> <!-- amazonTest1 -->
      </class> <!-- testClasses.AmazonTest -->
    </test> <!-- Default test -->
  </suite> <!-- Default suite -->
</testng-results>
